Arguments: 
  C:\Program Files\nodejs\node.exe C:\Users\cookie\AppData\Roaming\npm\node_modules\yarn\bin\yarn.js add -D typescript ts-node @types/node~

PATH: 
  C:\Program Files\Git\mingw64\bin;C:\Program Files\Git\usr\bin;C:\Users\cookie\bin;C:\Program Files\Common Files\Oracle\Java\javapath;C:\WINDOWS\system32;C:\WINDOWS;C:\WINDOWS\System32\Wbem;C:\WINDOWS\System32\WindowsPowerShell\v1.0;C:\WINDOWS\System32\OpenSSH;C:\Program Files\dotnet;C:\Program Files\nodejs;C:\Program Files (x86)\NVIDIA Corporation\PhysX\Common;C:\Users\cookie\AppData\Local\Microsoft\WindowsApps;C:\Users\cookie\.dotnet\tools;C:\Users\cookie\AppData\Roaming\npm;C:\Users\cookie\AppData\Local\Programs\Microsoft VS Code\bin;C:\mtl-multisync\Rewriters\_msrgallwinner.zip;C:\Program Files (x86)\AllWinnerTech\PhoenixSuit;C:\adb;C:\platform-tools;C:\Users\cookie\AppData\Local\Microsoft\WindowsApps;C:\Users\cookie\.dotnet\tools;C:\Users\cookie\AppData\Roaming\npm;C:\Users\cookie\AppData\Local\Programs\Microsoft VS Code\bin;C:\Program Files (x86)\AllWinnerTech\PhoenixSuit;C:\platform-tools;C:\mtl-multisync\Rewriters\_msrgallwinner.zip

Yarn version: 
  1.22.19

Node version: 
  16.17.0

Platform: 
  win32 x64

Trace: 
  Error: https://registry.yarnpkg.com/@types%2fnode~: Not found
      at Request.params.callback [as _callback] (C:\Users\cookie\AppData\Roaming\npm\node_modules\yarn\lib\cli.js:66145:18)
      at Request.self.callback (C:\Users\cookie\AppData\Roaming\npm\node_modules\yarn\lib\cli.js:140890:22)
      at Request.emit (node:events:513:28)
      at Request.<anonymous> (C:\Users\cookie\AppData\Roaming\npm\node_modules\yarn\lib\cli.js:141862:10)
      at Request.emit (node:events:513:28)
      at IncomingMessage.<anonymous> (C:\Users\cookie\AppData\Roaming\npm\node_modules\yarn\lib\cli.js:141784:12)
      at Object.onceWrapper (node:events:627:28)
      at IncomingMessage.emit (node:events:525:35)
      at endReadableNT (node:internal/streams/readable:1358:12)
      at processTicksAndRejections (node:internal/process/task_queues:83:21)

npm manifest: 
  {
    "name": "Liskov_Substitution",
    "version": "1.0.0",
    "main": "index.js",
    "repository": "https://github.com/DIEG0FERNANDES/Liskov_Substitution.git",
    "author": "DIEG0FERNANDES <cookieezito@hotmail.com>",
    "license": "MIT"
  }

yarn manifest: 
  No manifest

Lockfile: 
  No lockfile
